This is pdfTeX, Version 3.14159265-2.6-1.40.16 (TeX Live 2015) (preloaded format=pdflatex 2015.12.4)  1 AUG 2016 21:02
entering extended mode
 restricted \write18 enabled.
 %&-line parsing enabled.
**Thesis.tex
(./Thesis.tex
LaTeX2e <2015/01/01>
Babel <3.9l> and hyphenation patterns for 21 languages loaded.
(/usr/local/texlive/2015basic/texmf-dist/tex/latex/base/book.cls
Document Class: book 2014/09/29 v1.4h Standard LaTeX document class
(/usr/local/texlive/2015basic/texmf-dist/tex/latex/base/bk10.clo
File: bk10.clo 2014/09/29 v1.4h Standard LaTeX file (size option)
)
\c@part=\count79
\c@chapter=\count80
\c@section=\count81
\c@subsection=\count82
\c@subsubsection=\count83
\c@paragraph=\count84
\c@subparagraph=\count85
\c@figure=\count86
\c@table=\count87
\abovecaptionskip=\skip41
\belowcaptionskip=\skip42
\bibindent=\dimen102
)
(./LukeThesis.sty
----------------------------------------------------
USING LUKE'S PHD THESIS TEMPLATE 1.2
----------------------------------------------------
(/usr/local/texlive/2015basic/texmf-dist/tex/latex/base/inputenc.sty
Package: inputenc 2015/03/17 v1.2c Input encoding file
\inpenc@prehook=\toks14
\inpenc@posthook=\toks15

(/usr/local/texlive/2015basic/texmf-dist/tex/latex/base/utf8.def
File: utf8.def 2014/09/29 v1.1m UTF-8 support for inputenc
Now handling font encoding OML ...
... no UTF-8 mapping file for font encoding OML
Now handling font encoding T1 ...
... processing UTF-8 mapping file for font encoding T1

(/usr/local/texlive/2015basic/texmf-dist/tex/latex/base/t1enc.dfu
File: t1enc.dfu 2014/09/29 v1.1m UTF-8 support for inputenc
   defining Unicode char U+00A1 (decimal 161)
   defining Unicode char U+00A3 (decimal 163)
   defining Unicode char U+00AB (decimal 171)
   defining Unicode char U+00BB (decimal 187)
   defining Unicode char U+00BF (decimal 191)
   defining Unicode char U+00C0 (decimal 192)
   defining Unicode char U+00C1 (decimal 193)
   defining Unicode char U+00C2 (decimal 194)
   defining Unicode char U+00C3 (decimal 195)
   defining Unicode char U+00C4 (decimal 196)
   defining Unicode char U+00C5 (decimal 197)
   defining Unicode char U+00C6 (decimal 198)
   defining Unicode char U+00C7 (decimal 199)
   defining Unicode char U+00C8 (decimal 200)
   defining Unicode char U+00C9 (decimal 201)
   defining Unicode char U+00CA (decimal 202)
   defining Unicode char U+00CB (decimal 203)
   defining Unicode char U+00CC (decimal 204)
   defining Unicode char U+00CD (decimal 205)
   defining Unicode char U+00CE (decimal 206)
   defining Unicode char U+00CF (decimal 207)
   defining Unicode char U+00D0 (decimal 208)
   defining Unicode char U+00D1 (decimal 209)
   defining Unicode char U+00D2 (decimal 210)
   defining Unicode char U+00D3 (decimal 211)
   defining Unicode char U+00D4 (decimal 212)
   defining Unicode char U+00D5 (decimal 213)
   defining Unicode char U+00D6 (decimal 214)
   defining Unicode char U+00D8 (decimal 216)
   defining Unicode char U+00D9 (decimal 217)
   defining Unicode char U+00DA (decimal 218)
   defining Unicode char U+00DB (decimal 219)
   defining Unicode char U+00DC (decimal 220)
   defining Unicode char U+00DD (decimal 221)
   defining Unicode char U+00DE (decimal 222)
   defining Unicode char U+00DF (decimal 223)
   defining Unicode char U+00E0 (decimal 224)
   defining Unicode char U+00E1 (decimal 225)
   defining Unicode char U+00E2 (decimal 226)
   defining Unicode char U+00E3 (decimal 227)
   defining Unicode char U+00E4 (decimal 228)
   defining Unicode char U+00E5 (decimal 229)
   defining Unicode char U+00E6 (decimal 230)
   defining Unicode char U+00E7 (decimal 231)
   defining Unicode char U+00E8 (decimal 232)
   defining Unicode char U+00E9 (decimal 233)
   defining Unicode char U+00EA (decimal 234)
   defining Unicode char U+00EB (decimal 235)
   defining Unicode char U+00EC (decimal 236)
   defining Unicode char U+00ED (decimal 237)
   defining Unicode char U+00EE (decimal 238)
   defining Unicode char U+00EF (decimal 239)
   defining Unicode char U+00F0 (decimal 240)
   defining Unicode char U+00F1 (decimal 241)
   defining Unicode char U+00F2 (decimal 242)
   defining Unicode char U+00F3 (decimal 243)
   defining Unicode char U+00F4 (decimal 244)
   defining Unicode char U+00F5 (decimal 245)
   defining Unicode char U+00F6 (decimal 246)
   defining Unicode char U+00F8 (decimal 248)
   defining Unicode char U+00F9 (decimal 249)
   defining Unicode char U+00FA (decimal 250)
   defining Unicode char U+00FB (decimal 251)
   defining Unicode char U+00FC (decimal 252)
   defining Unicode char U+00FD (decimal 253)
   defining Unicode char U+00FE (decimal 254)
   defining Unicode char U+00FF (decimal 255)
   defining Unicode char U+0102 (decimal 258)
   defining Unicode char U+0103 (decimal 259)
   defining Unicode char U+0104 (decimal 260)
   defining Unicode char U+0105 (decimal 261)
   defining Unicode char U+0106 (decimal 262)
   defining Unicode char U+0107 (decimal 263)
   defining Unicode char U+010C (decimal 268)
   defining Unicode char U+010D (decimal 269)
   defining Unicode char U+010E (decimal 270)
   defining Unicode char U+010F (decimal 271)
   defining Unicode char U+0110 (decimal 272)
   defining Unicode char U+0111 (decimal 273)
   defining Unicode char U+0118 (decimal 280)
   defining Unicode char U+0119 (decimal 281)
   defining Unicode char U+011A (decimal 282)
   defining Unicode char U+011B (decimal 283)
   defining Unicode char U+011E (decimal 286)
   defining Unicode char U+011F (decimal 287)
   defining Unicode char U+0130 (decimal 304)
   defining Unicode char U+0131 (decimal 305)
   defining Unicode char U+0132 (decimal 306)
   defining Unicode char U+0133 (decimal 307)
   defining Unicode char U+0139 (decimal 313)
   defining Unicode char U+013A (decimal 314)
   defining Unicode char U+013D (decimal 317)
   defining Unicode char U+013E (decimal 318)
   defining Unicode char U+0141 (decimal 321)
   defining Unicode char U+0142 (decimal 322)
   defining Unicode char U+0143 (decimal 323)
   defining Unicode char U+0144 (decimal 324)
   defining Unicode char U+0147 (decimal 327)
   defining Unicode char U+0148 (decimal 328)
   defining Unicode char U+014A (decimal 330)
   defining Unicode char U+014B (decimal 331)
   defining Unicode char U+0150 (decimal 336)
   defining Unicode char U+0151 (decimal 337)
   defining Unicode char U+0152 (decimal 338)
   defining Unicode char U+0153 (decimal 339)
   defining Unicode char U+0154 (decimal 340)
   defining Unicode char U+0155 (decimal 341)
   defining Unicode char U+0158 (decimal 344)
   defining Unicode char U+0159 (decimal 345)
   defining Unicode char U+015A (decimal 346)
   defining Unicode char U+015B (decimal 347)
   defining Unicode char U+015E (decimal 350)
   defining Unicode char U+015F (decimal 351)
   defining Unicode char U+0160 (decimal 352)
   defining Unicode char U+0161 (decimal 353)
   defining Unicode char U+0162 (decimal 354)
   defining Unicode char U+0163 (decimal 355)
   defining Unicode char U+0164 (decimal 356)
   defining Unicode char U+0165 (decimal 357)
   defining Unicode char U+016E (decimal 366)
   defining Unicode char U+016F (decimal 367)
   defining Unicode char U+0170 (decimal 368)
   defining Unicode char U+0171 (decimal 369)
   defining Unicode char U+0178 (decimal 376)
   defining Unicode char U+0179 (decimal 377)
   defining Unicode char U+017A (decimal 378)
   defining Unicode char U+017B (decimal 379)
   defining Unicode char U+017C (decimal 380)
   defining Unicode char U+017D (decimal 381)
   defining Unicode char U+017E (decimal 382)
   defining Unicode char U+200C (decimal 8204)
   defining Unicode char U+2013 (decimal 8211)
   defining Unicode char U+2014 (decimal 8212)
   defining Unicode char U+2018 (decimal 8216)
   defining Unicode char U+2019 (decimal 8217)
   defining Unicode char U+201A (decimal 8218)
   defining Unicode char U+201C (decimal 8220)
   defining Unicode char U+201D (decimal 8221)
   defining Unicode char U+201E (decimal 8222)
   defining Unicode char U+2030 (decimal 8240)
   defining Unicode char U+2031 (decimal 8241)
   defining Unicode char U+2039 (decimal 8249)
   defining Unicode char U+203A (decimal 8250)
   defining Unicode char U+2423 (decimal 9251)
)
Now handling font encoding OT1 ...
... processing UTF-8 mapping file for font encoding OT1

(/usr/local/texlive/2015basic/texmf-dist/tex/latex/base/ot1enc.dfu
File: ot1enc.dfu 2014/09/29 v1.1m UTF-8 support for inputenc
   defining Unicode char U+00A1 (decimal 161)
   defining Unicode char U+00A3 (decimal 163)
   defining Unicode char U+00B8 (decimal 184)
   defining Unicode char U+00BF (decimal 191)
   defining Unicode char U+00C5 (decimal 197)
   defining Unicode char U+00C6 (decimal 198)
   defining Unicode char U+00D8 (decimal 216)
   defining Unicode char U+00DF (decimal 223)
   defining Unicode char U+00E6 (decimal 230)
   defining Unicode char U+00EC (decimal 236)
   defining Unicode char U+00ED (decimal 237)
   defining Unicode char U+00EE (decimal 238)
   defining Unicode char U+00EF (decimal 239)
   defining Unicode char U+00F8 (decimal 248)
   defining Unicode char U+0131 (decimal 305)
   defining Unicode char U+0141 (decimal 321)
   defining Unicode char U+0142 (decimal 322)
   defining Unicode char U+0152 (decimal 338)
   defining Unicode char U+0153 (decimal 339)
   defining Unicode char U+2013 (decimal 8211)
   defining Unicode char U+2014 (decimal 8212)
   defining Unicode char U+2018 (decimal 8216)
   defining Unicode char U+2019 (decimal 8217)
   defining Unicode char U+201C (decimal 8220)
   defining Unicode char U+201D (decimal 8221)
)
Now handling font encoding OMS ...
... processing UTF-8 mapping file for font encoding OMS

(/usr/local/texlive/2015basic/texmf-dist/tex/latex/base/omsenc.dfu
File: omsenc.dfu 2014/09/29 v1.1m UTF-8 support for inputenc
   defining Unicode char U+00A7 (decimal 167)
   defining Unicode char U+00B6 (decimal 182)
   defining Unicode char U+00B7 (decimal 183)
   defining Unicode char U+2020 (decimal 8224)
   defining Unicode char U+2021 (decimal 8225)
   defining Unicode char U+2022 (decimal 8226)
)
Now handling font encoding OMX ...
... no UTF-8 mapping file for font encoding OMX
Now handling font encoding U ...
... no UTF-8 mapping file for font encoding U
   defining Unicode char U+00A9 (decimal 169)
   defining Unicode char U+00AA (decimal 170)
   defining Unicode char U+00AE (decimal 174)
   defining Unicode char U+00BA (decimal 186)
   defining Unicode char U+02C6 (decimal 710)
   defining Unicode char U+02DC (decimal 732)
   defining Unicode char U+200C (decimal 8204)
   defining Unicode char U+2026 (decimal 8230)
   defining Unicode char U+2122 (decimal 8482)
   defining Unicode char U+2423 (decimal 9251)
))
(/usr/local/texlive/2015basic/texmf-dist/tex/latex/base/fontenc.sty
Package: fontenc 2005/09/27 v1.99g Standard LaTeX package

(/usr/local/texlive/2015basic/texmf-dist/tex/latex/base/t1enc.def
File: t1enc.def 2005/09/27 v1.99g Standard LaTeX file
LaTeX Font Info:    Redeclaring font encoding T1 on input line 48.
))
(/usr/local/texlive/2015basic/texmf-dist/tex/generic/babel/babel.sty
Package: babel 2014/09/25 3.9l The Babel package

(/usr/local/texlive/2015basic/texmf-dist/tex/generic/babel-danish/danish.ldf
Language: danish 2009/09/19 v1.3r Danish support from the babel system

(/usr/local/texlive/2015basic/texmf-dist/tex/generic/babel/babel.def
File: babel.def 2014/09/25 3.9l Babel common definitions
\babel@savecnt=\count88
\U@D=\dimen103
)
Package babel Info: Making " an active character on input line 82.
)
(/usr/local/texlive/2015basic/texmf-dist/tex/generic/babel-english/english.ldf
Language: english 2012/08/20 v3.3p English support from the babel system
\l@canadian = a dialect from \language\l@american 
\l@australian = a dialect from \language\l@british 
\l@newzealand = a dialect from \language\l@british 
)) (/usr/local/texlive/2015basic/texmf-dist/tex/latex/graphics/graphicx.sty
Package: graphicx 2014/10/28 v1.0g Enhanced LaTeX Graphics (DPC,SPQR)

(/usr/local/texlive/2015basic/texmf-dist/tex/latex/graphics/keyval.sty
Package: keyval 2014/10/28 v1.15 key=value parser (DPC)
\KV@toks@=\toks16
)
(/usr/local/texlive/2015basic/texmf-dist/tex/latex/graphics/graphics.sty
Package: graphics 2014/10/28 v1.0p Standard LaTeX Graphics (DPC,SPQR)

(/usr/local/texlive/2015basic/texmf-dist/tex/latex/graphics/trig.sty
Package: trig 1999/03/16 v1.09 sin cos tan (DPC)
)
(/usr/local/texlive/2015basic/texmf-dist/tex/latex/latexconfig/graphics.cfg
File: graphics.cfg 2010/04/23 v1.9 graphics configuration of TeX Live
)
Package graphics Info: Driver file: pdftex.def on input line 94.

(/usr/local/texlive/2015basic/texmf-dist/tex/latex/pdftex-def/pdftex.def
File: pdftex.def 2011/05/27 v0.06d Graphics/color for pdfTeX

(/usr/local/texlive/2015basic/texmf-dist/tex/generic/oberdiek/infwarerr.sty
Package: infwarerr 2010/04/08 v1.3 Providing info/warning/error messages (HO)
)
(/usr/local/texlive/2015basic/texmf-dist/tex/generic/oberdiek/ltxcmds.sty
Package: ltxcmds 2011/11/09 v1.22 LaTeX kernel commands for general use (HO)
)
\Gread@gobject=\count89
))
\Gin@req@height=\dimen104
\Gin@req@width=\dimen105
)
(/usr/local/texlive/2015basic/texmf-dist/tex/latex/xcolor/xcolor.sty
Package: xcolor 2007/01/21 v2.11 LaTeX color extensions (UK)

(/usr/local/texlive/2015basic/texmf-dist/tex/latex/latexconfig/color.cfg
File: color.cfg 2007/01/18 v1.5 color configuration of teTeX/TeXLive
)
Package xcolor Info: Driver file: pdftex.def on input line 225.
Package xcolor Info: Model `cmy' substituted by `cmy0' on input line 1337.
Package xcolor Info: Model `hsb' substituted by `rgb' on input line 1341.
Package xcolor Info: Model `RGB' extended on input line 1353.
Package xcolor Info: Model `HTML' substituted by `rgb' on input line 1355.
Package xcolor Info: Model `Hsb' substituted by `hsb' on input line 1356.
Package xcolor Info: Model `tHsb' substituted by `hsb' on input line 1357.
Package xcolor Info: Model `HSB' substituted by `hsb' on input line 1358.
Package xcolor Info: Model `Gray' substituted by `gray' on input line 1359.
Package xcolor Info: Model `wave' substituted by `hsb' on input line 1360.
)
(/usr/local/texlive/2015basic/texmf-dist/tex/latex/caption/caption.sty
Package: caption 2013/05/02 v3.3-89 Customizing captions (AR)

(/usr/local/texlive/2015basic/texmf-dist/tex/latex/caption/caption3.sty
Package: caption3 2013/05/02 v1.6-88 caption3 kernel (AR)
Package caption3 Info: TeX engine: e-TeX on input line 57.
\captionmargin=\dimen106
\captionmargin@=\dimen107
\captionwidth=\dimen108
\caption@tempdima=\dimen109
\caption@indent=\dimen110
\caption@parindent=\dimen111
\caption@hangindent=\dimen112
)
\c@ContinuedFloat=\count90
)
(/usr/local/texlive/2015basic/texmf-dist/tex/latex/tools/varioref.sty
Package: varioref 2014/10/28 v1.5a package for extended references (FMi)
\c@vrcnt=\count91
)
(/usr/local/texlive/2015basic/texmf-dist/tex/latex/fancyhdr/fancyhdr.sty
\fancy@headwidth=\skip43
\f@ncyO@elh=\skip44
\f@ncyO@erh=\skip45
\f@ncyO@olh=\skip46
\f@ncyO@orh=\skip47
\f@ncyO@elf=\skip48
\f@ncyO@erf=\skip49
\f@ncyO@olf=\skip50
\f@ncyO@orf=\skip51
)
(/usr/local/texlive/2015basic/texmf-dist/tex/latex/hyperref/hyperref.sty
Package: hyperref 2012/11/06 v6.83m Hypertext links for LaTeX

(/usr/local/texlive/2015basic/texmf-dist/tex/generic/oberdiek/hobsub-hyperref.s
ty
Package: hobsub-hyperref 2012/05/28 v1.13 Bundle oberdiek, subset hyperref (HO)


(/usr/local/texlive/2015basic/texmf-dist/tex/generic/oberdiek/hobsub-generic.st
y
Package: hobsub-generic 2012/05/28 v1.13 Bundle oberdiek, subset generic (HO)
Package: hobsub 2012/05/28 v1.13 Construct package bundles (HO)
Package hobsub Info: Skipping package `infwarerr' (already loaded).
Package hobsub Info: Skipping package `ltxcmds' (already loaded).
Package: ifluatex 2010/03/01 v1.3 Provides the ifluatex switch (HO)
Package ifluatex Info: LuaTeX not detected.
Package: ifvtex 2010/03/01 v1.5 Detect VTeX and its facilities (HO)
Package ifvtex Info: VTeX not detected.
Package: intcalc 2007/09/27 v1.1 Expandable calculations with integers (HO)
Package: ifpdf 2011/01/30 v2.3 Provides the ifpdf switch (HO)
Package ifpdf Info: pdfTeX in PDF mode is detected.
Package: etexcmds 2011/02/16 v1.5 Avoid name clashes with e-TeX commands (HO)
Package etexcmds Info: Could not find \expanded.
(etexcmds)             That can mean that you are not using pdfTeX 1.50 or
(etexcmds)             that some package has redefined \expanded.
(etexcmds)             In the latter case, load this package earlier.
Package: kvsetkeys 2012/04/25 v1.16 Key value parser (HO)
Package: kvdefinekeys 2011/04/07 v1.3 Define keys (HO)
Package: pdftexcmds 2011/11/29 v0.20 Utility functions of pdfTeX for LuaTeX (HO
)
Package pdftexcmds Info: LuaTeX not detected.
Package pdftexcmds Info: \pdf@primitive is available.
Package pdftexcmds Info: \pdf@ifprimitive is available.
Package pdftexcmds Info: \pdfdraftmode found.
Package: pdfescape 2011/11/25 v1.13 Implements pdfTeX's escape features (HO)
Package: bigintcalc 2012/04/08 v1.3 Expandable calculations on big integers (HO
)
Package: bitset 2011/01/30 v1.1 Handle bit-vector datatype (HO)
Package: uniquecounter 2011/01/30 v1.2 Provide unlimited unique counter (HO)
)
Package hobsub Info: Skipping package `hobsub' (already loaded).
Package: letltxmacro 2010/09/02 v1.4 Let assignment for LaTeX macros (HO)
Package: hopatch 2012/05/28 v1.2 Wrapper for package hooks (HO)
Package: xcolor-patch 2011/01/30 xcolor patch
Package: atveryend 2011/06/30 v1.8 Hooks at the very end of document (HO)
Package atveryend Info: \enddocument detected (standard20110627).
Package: atbegshi 2011/10/05 v1.16 At begin shipout hook (HO)
Package: refcount 2011/10/16 v3.4 Data extraction from label references (HO)
Package: hycolor 2011/01/30 v1.7 Color options for hyperref/bookmark (HO)
) (/usr/local/texlive/2015basic/texmf-dist/tex/generic/ifxetex/ifxetex.sty
Package: ifxetex 2010/09/12 v0.6 Provides ifxetex conditional
)
(/usr/local/texlive/2015basic/texmf-dist/tex/latex/oberdiek/auxhook.sty
Package: auxhook 2011/03/04 v1.3 Hooks for auxiliary files (HO)
)
(/usr/local/texlive/2015basic/texmf-dist/tex/latex/oberdiek/kvoptions.sty
Package: kvoptions 2011/06/30 v3.11 Key value format for package options (HO)
)
\@linkdim=\dimen113
\Hy@linkcounter=\count92
\Hy@pagecounter=\count93

(/usr/local/texlive/2015basic/texmf-dist/tex/latex/hyperref/pd1enc.def
File: pd1enc.def 2012/11/06 v6.83m Hyperref: PDFDocEncoding definition (HO)
Now handling font encoding PD1 ...
... no UTF-8 mapping file for font encoding PD1
)
\Hy@SavedSpaceFactor=\count94

(/usr/local/texlive/2015basic/texmf-dist/tex/latex/latexconfig/hyperref.cfg
File: hyperref.cfg 2002/06/06 v1.2 hyperref configuration of TeXLive
)
Package hyperref Info: Hyper figures OFF on input line 4443.
Package hyperref Info: Link nesting OFF on input line 4448.
Package hyperref Info: Hyper index ON on input line 4451.
Package hyperref Info: Plain pages OFF on input line 4458.
Package hyperref Info: Backreferencing OFF on input line 4463.
Package hyperref Info: Implicit mode ON; LaTeX internals redefined.
Package hyperref Info: Bookmarks ON on input line 4688.
\c@Hy@tempcnt=\count95

(/usr/local/texlive/2015basic/texmf-dist/tex/latex/url/url.sty
\Urlmuskip=\muskip10
Package: url 2013/09/16  ver 3.4  Verb mode for urls, etc.
)
LaTeX Info: Redefining \url on input line 5041.
\XeTeXLinkMargin=\dimen114
\Fld@menulength=\count96
\Field@Width=\dimen115
\Fld@charsize=\dimen116
Package hyperref Info: Hyper figures OFF on input line 6295.
Package hyperref Info: Link nesting OFF on input line 6300.
Package hyperref Info: Hyper index ON on input line 6303.
Package hyperref Info: backreferencing OFF on input line 6310.
Package hyperref Info: Link coloring OFF on input line 6315.
Package hyperref Info: Link coloring with OCG OFF on input line 6320.
Package hyperref Info: PDF/A mode OFF on input line 6325.
LaTeX Info: Redefining \ref on input line 6365.
LaTeX Info: Redefining \pageref on input line 6369.
\Hy@abspage=\count97
\c@Item=\count98
\c@Hfootnote=\count99
)

Package hyperref Message: Driver (autodetected): hpdftex.

(/usr/local/texlive/2015basic/texmf-dist/tex/latex/hyperref/hpdftex.def
File: hpdftex.def 2012/11/06 v6.83m Hyperref driver for pdfTeX
\Fld@listcount=\count100
\c@bookmark@seq@number=\count101

(/usr/local/texlive/2015basic/texmf-dist/tex/latex/oberdiek/rerunfilecheck.sty
Package: rerunfilecheck 2011/04/15 v1.7 Rerun checks for auxiliary files (HO)
Package uniquecounter Info: New unique counter `rerunfilecheck' on input line 2
82.
)
\Hy@SectionHShift=\skip52
) (/usr/local/texlive/2015basic/texmf-dist/tex/latex/amsmath/amsmath.sty
Package: amsmath 2013/01/14 v2.14 AMS math features
\@mathmargin=\skip53

For additional information on amsmath, use the `?' option.
(/usr/local/texlive/2015basic/texmf-dist/tex/latex/amsmath/amstext.sty
Package: amstext 2000/06/29 v2.01

(/usr/local/texlive/2015basic/texmf-dist/tex/latex/amsmath/amsgen.sty
File: amsgen.sty 1999/11/30 v2.0
\@emptytoks=\toks17
\ex@=\dimen117
))
(/usr/local/texlive/2015basic/texmf-dist/tex/latex/amsmath/amsbsy.sty
Package: amsbsy 1999/11/29 v1.2d
\pmbraise@=\dimen118
)
(/usr/local/texlive/2015basic/texmf-dist/tex/latex/amsmath/amsopn.sty
Package: amsopn 1999/12/14 v2.01 operator names
)
\inf@bad=\count102
LaTeX Info: Redefining \frac on input line 210.
\uproot@=\count103
\leftroot@=\count104
LaTeX Info: Redefining \overline on input line 306.
\classnum@=\count105
\DOTSCASE@=\count106
LaTeX Info: Redefining \ldots on input line 378.
LaTeX Info: Redefining \dots on input line 381.
LaTeX Info: Redefining \cdots on input line 466.
\Mathstrutbox@=\box26
\strutbox@=\box27
\big@size=\dimen119
LaTeX Font Info:    Redeclaring font encoding OML on input line 566.
LaTeX Font Info:    Redeclaring font encoding OMS on input line 567.
\macc@depth=\count107
\c@MaxMatrixCols=\count108
\dotsspace@=\muskip11
\c@parentequation=\count109
\dspbrk@lvl=\count110
\tag@help=\toks18
\row@=\count111
\column@=\count112
\maxfields@=\count113
\andhelp@=\toks19
\eqnshift@=\dimen120
\alignsep@=\dimen121
\tagshift@=\dimen122
\tagwidth@=\dimen123
\totwidth@=\dimen124
\lineht@=\dimen125
\@envbody=\toks20
\multlinegap=\skip54
\multlinetaggap=\skip55
\mathdisplay@stack=\toks21
LaTeX Info: Redefining \[ on input line 2665.
LaTeX Info: Redefining \] on input line 2666.
)
(/usr/local/texlive/2015basic/texmf-dist/tex/latex/amsfonts/amssymb.sty
Package: amssymb 2013/01/14 v3.01 AMS font symbols

(/usr/local/texlive/2015basic/texmf-dist/tex/latex/amsfonts/amsfonts.sty
Package: amsfonts 2013/01/14 v3.01 Basic AMSFonts support
\symAMSa=\mathgroup4
\symAMSb=\mathgroup5
LaTeX Font Info:    Overwriting math alphabet `\mathfrak' in version `bold'
(Font)                  U/euf/m/n --> U/euf/b/n on input line 106.
))
(/usr/local/texlive/2015basic/texmf-dist/tex/latex/base/latexsym.sty
Package: latexsym 1998/08/17 v2.2e Standard LaTeX package (lasy symbols)
\symlasy=\mathgroup6
LaTeX Font Info:    Overwriting symbol font `lasy' in version `bold'
(Font)                  U/lasy/m/n --> U/lasy/b/n on input line 52.
)
(./epic.sty
Enhancements to Picture Environment. Version 1.2 - Released June 1, 1986
\@@multicnt=\count114
\d@lta=\count115
\@delta=\dimen126
\@@delta=\dimen127
\@gridcnt=\count116
\@joinkind=\count117
\@dotgap=\dimen128
\@ddotgap=\dimen129
\@x@diff=\count118
\@y@diff=\count119
\x@diff=\dimen130
\y@diff=\dimen131
\@dotbox=\box28
\num@segments=\count120
\num@segmentsi=\count121
\@datafile=\read1
) (./eepic.sty
Enhancements to Picture Environment. Version 1.2 - Released June 1, 1986
\@@multicnt=\count122
\d@lta=\count123
\@delta=\dimen132
\@@delta=\dimen133
\@gridcnt=\count124
\@joinkind=\count125
\@dotgap=\dimen134
\@ddotgap=\dimen135
\@x@diff=\count126
\@y@diff=\count127
\x@diff=\dimen136
\y@diff=\dimen137
\@dotbox=\box29
\num@segments=\count128
\num@segmentsi=\count129
\@datafile=\read2
) (/usr/local/texlive/2015basic/texmf-dist/tex/latex/graphics/epsfig.sty
Package: epsfig 1999/02/16 v1.7a (e)psfig emulation (SPQR)
\epsfxsize=\dimen138
\epsfysize=\dimen139
)
(/usr/local/texlive/2015basic/texmf-dist/tex/latex/psfrag/psfrag.sty
Package: psfrag 1998/04/11 v3.04 PSfrag (MCG)
\pfg@pcount=\count130
\pfg@scount=\count131
\pfg@temp=\write3
)
(/usr/local/texlive/2015basic/texmf-dist/tex/latex/tools/theorem.sty
Package: theorem 2014/10/28 v2.2c Theorem extension package (FMi)
\theorem@style=\toks22
\theorem@bodyfont=\toks23
\theorempreskipamount=\skip56
\theorempostskipamount=\skip57

(/usr/local/texlive/2015basic/texmf-dist/tex/latex/tools/thp.sty
File: thp.sty 2014/10/28 v2.2c Theorem extension package (FMi)
))
\c@lemma=\count132
\c@example=\count133
)
(/usr/local/texlive/2015basic/texmf-dist/tex/latex/booktabs/booktabs.sty
Package: booktabs 2005/04/14 v1.61803 publication quality tables
\heavyrulewidth=\dimen140
\lightrulewidth=\dimen141
\cmidrulewidth=\dimen142
\belowrulesep=\dimen143
\belowbottomsep=\dimen144
\aboverulesep=\dimen145
\abovetopsep=\dimen146
\cmidrulesep=\dimen147
\cmidrulekern=\dimen148
\defaultaddspace=\dimen149
\@cmidla=\count134
\@cmidlb=\count135
\@aboverulesep=\dimen150
\@belowrulesep=\dimen151
\@thisruleclass=\count136
\@lastruleclass=\count137
\@thisrulewidth=\dimen152
)
(/usr/local/texlive/2015basic/texmf-dist/tex/latex/tools/tabularx.sty
Package: tabularx 2014/10/28 v2.10 `tabularx' package (DPC)

(/usr/local/texlive/2015basic/texmf-dist/tex/latex/tools/array.sty
Package: array 2014/10/28 v2.4c Tabular extension package (FMi)
\col@sep=\dimen153
\extrarowheight=\dimen154
\NC@list=\toks24
\extratabsurround=\skip58
\backup@length=\skip59
)
\TX@col@width=\dimen155
\TX@old@table=\dimen156
\TX@old@col=\dimen157
\TX@target=\dimen158
\TX@delta=\dimen159
\TX@cols=\count138
\TX@ftn=\toks25
)
(/usr/local/texlive/2015basic/texmf-dist/tex/latex/float/float.sty
Package: float 2001/11/08 v1.3d Float enhancements (AL)
\c@float@type=\count139
\float@exts=\toks26
\float@box=\box30
\@float@everytoks=\toks27
\@floatcapt=\box31
)
(/usr/local/texlive/2015basic/texmf-dist/tex/latex/listings/listings.sty
\lst@mode=\count140
\lst@gtempboxa=\box32
\lst@token=\toks28
\lst@length=\count141
\lst@currlwidth=\dimen160
\lst@column=\count142
\lst@pos=\count143
\lst@lostspace=\dimen161
\lst@width=\dimen162
\lst@newlines=\count144
\lst@lineno=\count145
\lst@maxwidth=\dimen163

(/usr/local/texlive/2015basic/texmf-dist/tex/latex/listings/lstmisc.sty
File: lstmisc.sty 2014/09/06 1.5e (Carsten Heinz)
\c@lstnumber=\count146
\lst@skipnumbers=\count147
\lst@framebox=\box33
)
(/usr/local/texlive/2015basic/texmf-dist/tex/latex/listings/listings.cfg
File: listings.cfg 2014/09/06 1.5e listings configuration
))
Package: listings 2014/09/06 1.5e (Carsten Heinz)
Package hyperref Info: Option `breaklinks' set `true' on input line 46.
Package hyperref Info: Option `bookmarksopen' set `true' on input line 46.
Package hyperref Info: Option `bookmarksnumbered' set `true' on input line 46.
Package hyperref Info: Option `plainpages' set `false' on input line 46.

(./Thesis.aux (./Chapters/introduction.aux) (./Chapters/methodology.aux)
(./Chapters/simulation.aux) (./Chapters/swarm_algorithms.aux)
(./Chapters/stigmergy.aux) (./Chapters/layered_stigmergy.aux

LaTeX Warning: Label `chap:stigmergy_test' multiply defined.


LaTeX Warning: Label `fig:3d_stig_solved' multiply defined.


LaTeX Warning: Label `fig:3d_stig_approx' multiply defined.

) (./Chapters/conclusion.aux

LaTeX Warning: Label `chap:stigmergy' multiply defined.

) (./Chapters/appendix.aux) (./Chapters/appendixb.aux))
\openout1 = `Thesis.aux'.

LaTeX Font Info:    Checking defaults for OML/cmm/m/it on input line 57.
LaTeX Font Info:    ... okay on input line 57.
LaTeX Font Info:    Checking defaults for T1/cmr/m/n on input line 57.
LaTeX Font Info:    ... okay on input line 57.
LaTeX Font Info:    Checking defaults for OT1/cmr/m/n on input line 57.
LaTeX Font Info:    ... okay on input line 57.
LaTeX Font Info:    Checking defaults for OMS/cmsy/m/n on input line 57.
LaTeX Font Info:    ... okay on input line 57.
LaTeX Font Info:    Checking defaults for OMX/cmex/m/n on input line 57.
LaTeX Font Info:    ... okay on input line 57.
LaTeX Font Info:    Checking defaults for U/cmr/m/n on input line 57.
LaTeX Font Info:    ... okay on input line 57.
LaTeX Font Info:    Checking defaults for PD1/pdf/m/n on input line 57.
LaTeX Font Info:    ... okay on input line 57.

(/usr/local/texlive/2015basic/texmf-dist/tex/context/base/supp-pdf.mkii
[Loading MPS to PDF converter (version 2006.09.02).]
\scratchcounter=\count148
\scratchdimen=\dimen164
\scratchbox=\box34
\nofMPsegments=\count149
\nofMParguments=\count150
\everyMPshowfont=\toks29
\MPscratchCnt=\count151
\MPscratchDim=\dimen165
\MPnumerator=\count152
\makeMPintoPDFobject=\count153
\everyMPtoPDFconversion=\toks30
) (/usr/local/texlive/2015basic/texmf-dist/tex/latex/oberdiek/epstopdf-base.sty
Package: epstopdf-base 2010/02/09 v2.5 Base part for package epstopdf
(/usr/local/texlive/2015basic/texmf-dist/tex/latex/oberdiek/grfext.sty
Package: grfext 2010/08/19 v1.1 Manage graphics extensions (HO)
)
Package grfext Info: Graphics extension search list:
(grfext)             [.png,.pdf,.jpg,.mps,.jpeg,.jbig2,.jb2,.PNG,.PDF,.JPG,.JPE
G,.JBIG2,.JB2,.eps]
(grfext)             \AppendGraphicsExtensions on input line 452.

(/usr/local/texlive/2015basic/texmf-dist/tex/latex/latexconfig/epstopdf-sys.cfg
File: epstopdf-sys.cfg 2010/07/13 v1.3 Configuration of (r)epstopdf for TeX Liv
e
))
Package caption Info: Begin \AtBeginDocument code.
Package caption Info: float package is loaded.
Package caption Info: hyperref package is loaded.
Package caption Info: listings package is loaded.
Package caption Info: End \AtBeginDocument code.
\AtBeginShipoutBox=\box35
Package hyperref Info: Link coloring OFF on input line 57.
 (/usr/local/texlive/2015basic/texmf-dist/tex/latex/hyperref/nameref.sty
Package: nameref 2012/10/27 v2.43 Cross-referencing by name of section

(/usr/local/texlive/2015basic/texmf-dist/tex/generic/oberdiek/gettitlestring.st
y
Package: gettitlestring 2010/12/03 v1.4 Cleanup title references (HO)
)
\c@section@level=\count154
LaTeX Info: Redefining \Ref on input line 513.
)
LaTeX Info: Redefining \ref on input line 57.
LaTeX Info: Redefining \pageref on input line 57.
LaTeX Info: Redefining \nameref on input line 57.
 (./Thesis.out) (./Thesis.out)
\@outlinefile=\write4
\openout4 = `Thesis.out'.

LaTeX Info: Redefining \Ref on input line 57.
\c@lstlisting=\count155
LaTeX Font Info:    Try loading font information for T1+cmss on input line 61.

(/usr/local/texlive/2015basic/texmf-dist/tex/latex/base/t1cmss.fd
File: t1cmss.fd 2014/09/29 v2.5h Standard LaTeX font definitions
)
<figures/DTU-logo.pdf, id=297, 38.98846pt x 56.87358pt>
File: figures/DTU-logo.pdf Graphic file (type pdf)

<use figures/DTU-logo.pdf>
Package pdftex.def Info: figures/DTU-logo.pdf used on input line 61.
(pdftex.def)             Requested size: 77.97668pt x 113.74683pt.
 [1
Non-PDF special ignored!


Non-PDF special ignored!{/usr/local/texlive/2015basic/texmf-var/fonts/map/pdfte
x/updmap/pdftex.map} <./figures/DTU-logo.pdf>] [2] (./Chapters/summaryUK.tex
LaTeX Font Info:    Try loading font information for U+msa on input line 1.

(/usr/local/texlive/2015basic/texmf-dist/tex/latex/amsfonts/umsa.fd
File: umsa.fd 2013/01/14 v3.01 AMS symbols A
)
LaTeX Font Info:    Try loading font information for U+msb on input line 1.

(/usr/local/texlive/2015basic/texmf-dist/tex/latex/amsfonts/umsb.fd
File: umsb.fd 2013/01/14 v3.01 AMS symbols B
)
LaTeX Font Info:    Try loading font information for U+lasy on input line 1.

(/usr/local/texlive/2015basic/texmf-dist/tex/latex/base/ulasy.fd
File: ulasy.fd 1998/08/17 v2.2e LaTeX symbol font definitions
))
(./Chapters/summaryDK.tex [1


] [2

]) (./Chapters/preface.tex [3] [4

]
<figures/SignatureDummy.jpg, id=332, 257.46187pt x 103.13531pt>
File: figures/SignatureDummy.jpg Graphic file (type jpg)

<use figures/SignatureDummy.jpg>
Package pdftex.def Info: figures/SignatureDummy.jpg used on input line 17.
(pdftex.def)             Requested size: 128.7306pt x 51.56752pt.
) (./Chapters/acknowledgements.tex [5 <./figures/SignatureDummy.jpg>] [6

]) [7] [8] (./Thesis.toc [9

] [10])
\tf@toc=\write5
\openout5 = `Thesis.toc'.

 [11] [12

]
\openout2 = `Chapters/introduction.aux'.


(./Chapters/introduction.tex
Chapter 1.
[1


]
LaTeX Font Info:    Try loading font information for OMS+cmr on input line 36.
 (/usr/local/texlive/2015basic/texmf-dist/tex/latex/base/omscmr.fd
File: omscmr.fd 2014/09/29 v2.5h Standard LaTeX font definitions
)
LaTeX Font Info:    Font shape `OMS/cmr/m/n' in size <10> not available
(Font)              Font shape `OMS/cmsy/m/n' tried instead on input line 36.

Underfull \vbox (badness 1817) has occurred while \output is active []

 [2]
[3]) [4]
\openout2 = `Chapters/methodology.aux'.

 (./Chapters/methodology.tex
Chapter 2.
[5



] [6]
LaTeX Font Info:    Try loading font information for T1+cmtt on input line 24.
 (/usr/local/texlive/2015basic/texmf-dist/tex/latex/base/t1cmtt.fd
File: t1cmtt.fd 2014/09/29 v2.5h Standard LaTeX font definitions
)
Underfull \vbox (badness 2772) has occurred while \output is active []

 [7])
[8]
\openout2 = `Chapters/simulation.aux'.

 (./Chapters/simulation.tex
Chapter 3.

LaTeX Warning: Citation `_matlab_2016' on page 9 undefined on input line 16.


LaTeX Warning: Citation `_matlab_2016' on page 9 undefined on input line 16.

[9



] <figures/2d_overview.png, id=503, 895.345pt x 338.26375pt>
File: figures/2d_overview.png Graphic file (type png)

<use figures/2d_overview.png>
Package pdftex.def Info: figures/2d_overview.png used on input line 31.
(pdftex.def)             Requested size: 345.30264pt x 130.45647pt.

Underfull \vbox (badness 10000) has occurred while \output is active []

 [10]
[11 <./figures/2d_overview.png>] [12] [13]
<figures/model_overview.png, id=538, 1134.2375pt x 628.3475pt>
File: figures/model_overview.png Graphic file (type png)

<use figures/model_overview.png>
Package pdftex.def Info: figures/model_overview.png used on input line 140.
(pdftex.def)             Requested size: 345.30264pt x 191.28616pt.
 [14]
<figures/3d_platform.png, id=548, 1368.11125pt x 659.46375pt>
File: figures/3d_platform.png Graphic file (type png)

<use figures/3d_platform.png>
Package pdftex.def Info: figures/3d_platform.png used on input line 153.
(pdftex.def)             Requested size: 345.30264pt x 166.44536pt.
 [15 <./figures/model_overview.png>]
<figures/3d_sink.png, id=557, 1087.06125pt x 300.12125pt>
File: figures/3d_sink.png Graphic file (type png)

<use figures/3d_sink.png>
Package pdftex.def Info: figures/3d_sink.png used on input line 160.
(pdftex.def)             Requested size: 345.30264pt x 95.33093pt.
LaTeX Font Info:    Font shape `T1/cmtt/bx/n' in size <10> not available
(Font)              Font shape `T1/cmtt/m/n' tried instead on input line 169.
 [16 <./figures/3d_platform.png> <./figures/3d_sink.png>] <figures/local_contro
l.png, id=569, 417.56pt x 316.18124pt>
File: figures/local_control.png Graphic file (type png)

<use figures/local_control.png>
Package pdftex.def Info: figures/local_control.png used on input line 179.
(pdftex.def)             Requested size: 241.71078pt x 183.02823pt.

<figures/simulink_gravity_y.png, id=571, 801.99625pt x 342.27875pt>
File: figures/simulink_gravity_y.png Graphic file (type png)

<use figures/simulink_gravity_y.png>
Package pdftex.def Info: figures/simulink_gravity_y.png used on input line 192.

(pdftex.def)             Requested size: 276.24316pt x 117.89827pt.

Underfull \vbox (badness 10000) has occurred while \output is active []

 [17 <./figures/local_control.png>] [18 <./figures/simulink_gravity_y.png>]
<figures/completion_check.png, id=591, 390.45876pt x 229.85875pt>
File: figures/completion_check.png Graphic file (type png)

<use figures/completion_check.png>
Package pdftex.def Info: figures/completion_check.png used on input line 212.
(pdftex.def)             Requested size: 207.18369pt x 121.96483pt.
 [19 <./figures/completion_check.png>]
<figures/SA_accel_pre_adjustment.png, id=602, 1536.74126pt x 718.685pt>
File: figures/SA_accel_pre_adjustment.png Graphic file (type png)

<use figures/SA_accel_pre_adjustment.png>
Package pdftex.def Info: figures/SA_accel_pre_adjustment.png used on input line
 229.
(pdftex.def)             Requested size: 345.30264pt x 161.48878pt.

<figures/SA_accel_pre_post_p_adjustment.png, id=604, 1427.3325pt x 738.76pt>
File: figures/SA_accel_pre_post_p_adjustment.png Graphic file (type png)

<use figures/SA_accel_pre_post_p_adjustment.png>
Package pdftex.def Info: figures/SA_accel_pre_post_p_adjustment.png used on inp
ut line 239.
(pdftex.def)             Requested size: 345.30264pt x 178.71509pt.

Underfull \vbox (badness 10000) has occurred while \output is active []

 [20 <./figures/SA_accel_pre_adjustment.png>]
<figures/SA_accel_post_final_adjustment.png, id=612, 1427.3325pt x 738.76pt>
File: figures/SA_accel_post_final_adjustment.png Graphic file (type png)

<use figures/SA_accel_post_final_adjustment.png>
Package pdftex.def Info: figures/SA_accel_post_final_adjustment.png used on inp
ut line 248.
(pdftex.def)             Requested size: 345.30264pt x 178.71509pt.

Underfull \vbox (badness 2189) has occurred while \output is active []

 [21 <./figures/SA_accel_pre_post_p_adjustment.png (PNG copy)> <./figures/SA_ac
cel_post_final_adjustment.png (PNG copy)>]

Package caption Warning: \label without proper \caption on input line 259.
See the caption package documentation for explanation.


LaTeX Warning: Reference `tab:pd_settings' on page 22 undefined on input line 2
55.

<figures/SA_y_axis_objects.png, id=622, 2049.6575pt x 823.075pt>
File: figures/SA_y_axis_objects.png Graphic file (type png)

<use figures/SA_y_axis_objects.png>
Package pdftex.def Info: figures/SA_y_axis_objects.png used on input line 281.
(pdftex.def)             Requested size: 276.24316pt x 110.92194pt.

Underfull \vbox (badness 10000) has occurred while \output is active []

 [22]
<figures/MA_agent_overlap.png, id=630, 1224.575pt x 754.82pt>
File: figures/MA_agent_overlap.png Graphic file (type png)

<use figures/MA_agent_overlap.png>
Package pdftex.def Info: figures/MA_agent_overlap.png used on input line 291.
(pdftex.def)             Requested size: 276.24316pt x 170.26485pt.

Underfull \vbox (badness 10000) has occurred while \output is active []

 [23 <./figures/SA_y_axis_objects.png (PNG copy)>] [24 <./figures/MA_agent_over
lap.png (PNG copy)>]) [25]
\openout2 = `Chapters/swarm_algorithms.aux'.

 (./Chapters/swarm_algorithms.tex [26



]
Chapter 4.
[27] [28]) [29]
\openout2 = `Chapters/stigmergy.aux'.

 (./Chapters/stigmergy.tex [30



]
Chapter 5.

Underfull \vbox (badness 2626) has occurred while \output is active []

 [31]

Package caption Warning: \label without proper \caption on input line 26.
See the caption package documentation for explanation.


LaTeX Warning: Reference `tab:vars1' on page 32 undefined on input line 22.


Overfull \hbox (22.41328pt too wide) in alignment at lines 37--37
[][] 
 []

[32] <figures/state_machine.png, id=689, 885.3075pt x 553.06625pt>
File: figures/state_machine.png Graphic file (type png)

<use figures/state_machine.png>
Package pdftex.def Info: figures/state_machine.png used on input line 56.
(pdftex.def)             Requested size: 345.30264pt x 215.72028pt.

Underfull \hbox (badness 2277) in paragraph at lines 57--57
[][]|[]\T1/cmr/m/n/10 State ma-chine di-a-gram for an agent (in-clud-ing sim-u-
la-tion
 []

[33]

Package caption Warning: \label without proper \caption on input line 66.
See the caption package documentation for explanation.


LaTeX Warning: Reference `tab:pheromones' on page 34 undefined on input line 62
.


Underfull \hbox (badness 10000) in alignment at lines 73--73
[][][] 
 []

[34 <./figures/state_machine.png>] [35]
<figures/STIG_pheromones.png, id=711, 1911.14pt x 1106.1325pt>
File: figures/STIG_pheromones.png Graphic file (type png)

<use figures/STIG_pheromones.png>
Package pdftex.def Info: figures/STIG_pheromones.png used on input line 106.
(pdftex.def)             Requested size: 345.30264pt x 199.85478pt.
 [36 <./figures/STIG_pheromones.png (PNG copy)>] <figures/STIG_overlap.png, id=
722, 1618.045pt x 800.9925pt>
File: figures/STIG_overlap.png Graphic file (type png)

<use figures/STIG_overlap.png>
Package pdftex.def Info: figures/STIG_overlap.png used on input line 139.
(pdftex.def)             Requested size: 345.30264pt x 170.9267pt.

<figures/STIG_approx.png, id=723, 1993.4475pt x 951.555pt>
File: figures/STIG_approx.png Graphic file (type png)

<use figures/STIG_approx.png>
Package pdftex.def Info: figures/STIG_approx.png used on input line 146.
(pdftex.def)             Requested size: 345.30264pt x 164.82582pt.

Underfull \vbox (badness 10000) has occurred while \output is active []

 [37 <./figures/STIG_overlap.png (PNG copy)>]) [38 <./figures/STIG_approx.png (
PNG copy)>]
\openout2 = `Chapters/layered_stigmergy.aux'.

(./Chapters/layered_stigmergy.tex
Chapter 6.

Package hyperref Warning: Difference (2) between bookmark levels is greater 
(hyperref)                than one, level fixed on input line 9.


Underfull \vbox (badness 2027) has occurred while \output is active []

 [39



]
Underfull \hbox (badness 10000) in alignment at lines 26--26
[][] 
 []


Overfull \hbox (0.41074pt too wide) in paragraph at lines 33--34
[]\T1/cmr/bx/n/10 Pheromone fa-tigue \T1/cmr/m/n/10 is high in the sec-ond grid
, mean-ing that a pheromone
 []

[40]
Overfull \hbox (1.3627pt too wide) in paragraph at lines 50--51
\T1/cmr/m/n/10 The re-sult-ing pheromone grids from run-ning the sim-u-la-tion 
are up-dated through-
 []

<figures/STIG_source_pheromones.png, id=749, 1692.3225pt x 931.48pt>
File: figures/STIG_source_pheromones.png Graphic file (type png)

<use figures/STIG_source_pheromones.png>
Package pdftex.def Info: figures/STIG_source_pheromones.png used on input line 
55.
(pdftex.def)             Requested size: 345.30264pt x 190.0592pt.


LaTeX Warning: Reference `fig:phero_post1' on page 41 undefined on input line 5
9.

<figures/STIG_lay_grid1.png, id=750, 1848.9075pt x 843.15pt>
File: figures/STIG_lay_grid1.png Graphic file (type png)

<use figures/STIG_lay_grid1.png>
Package pdftex.def Info: figures/STIG_lay_grid1.png used on input line 64.
(pdftex.def)             Requested size: 345.30264pt x 157.45982pt.
 [41 <./figures/STIG_source_pheromones.png (PNG copy)>] [42 <./figures/STIG_lay
_grid1.png (PNG copy)>]
<figures/STIG_random_agent_overlap_lay.png, id=764, 1559.8275pt x 738.76pt>
File: figures/STIG_random_agent_overlap_lay.png Graphic file (type png)

<use figures/STIG_random_agent_overlap_lay.png>
Package pdftex.def Info: figures/STIG_random_agent_overlap_lay.png used on inpu
t line 98.
(pdftex.def)             Requested size: 345.30264pt x 163.53094pt.

<figures/STIG_random_lay.png, id=765, 1559.8275pt x 738.76pt>
File: figures/STIG_random_lay.png Graphic file (type png)

<use figures/STIG_random_lay.png>
Package pdftex.def Info: figures/STIG_random_lay.png used on input line 105.
(pdftex.def)             Requested size: 345.30264pt x 163.53094pt.

Underfull \vbox (badness 10000) has occurred while \output is active []

 [43 <./figures/STIG_random_agent_overlap_lay.png (PNG copy)>]) [44 <./figures/
STIG_random_lay.png (PNG copy)>]
\openout2 = `Chapters/conclusion.aux'.

 (./Chapters/conclusion.tex
Chapter 7.

Package hyperref Warning: Difference (2) between bookmark levels is greater 
(hyperref)                than one, level fixed on input line 7.


Underfull \vbox (badness 5245) has occurred while \output is active []

 [45



])
[46]
\openout2 = `Chapters/appendix.aux'.

 (./Chapters/appendix.tex
Chapter 8.

Overfull \hbox (9.94394pt too wide) in paragraph at lines 4--5
\T1/cmr/m/n/10 The fol-low-ing ap-pendix con-tains the con-trol loop for the no
n-layered 3-Dimensional
 []


Underfull \hbox (badness 10000) in paragraph at lines 4--5

 []

(/usr/local/texlive/2015basic/texmf-dist/tex/latex/listings/lstlang1.sty
File: lstlang1.sty 2014/09/06 1.5e listings language file
)
[47



]
Overfull \hbox (11.6134pt too wide) in paragraph at lines 63--65
[][][][][][][][][][][][][][][][][][] 
 []


Overfull \hbox (37.1074pt too wide) in paragraph at lines 75--78
[][][][][][][][][][][][][][][][][][][][][][][][] 
 []


Underfull \vbox (badness 10000) has occurred while \output is active []

 [48]
LaTeX Font Info:    Font shape `OMS/cmr/m/n' in size <8> not available
(Font)              Font shape `OMS/cmsy/m/n' tried instead on input line 93.

Overfull \hbox (47.30501pt too wide) in paragraph at lines 99--100
[][][][][][][][][][][][][][][][][][][][] 
 []


Overfull \hbox (47.30501pt too wide) in paragraph at lines 101--102
[][][][][][][][][][][][][][][][][][][][] 
 []


Overfull \hbox (11.6134pt too wide) in paragraph at lines 113--114
[][][][][][][][][][][][][][][][][][][][][][][][][][] 
 []


Overfull \hbox (37.1074pt too wide) in paragraph at lines 122--124
[][][][][][][][][][][][][][][][][][][][][][][] 
 []


Overfull \hbox (32.0086pt too wide) in paragraph at lines 137--138
[][][][][][][][][][][][][][][][][][][][] 
 []


Overfull \hbox (37.1074pt too wide) in paragraph at lines 141--143
[][][][][][][][][][][][][][][][][][][][][][][] 
 []


Underfull \vbox (badness 10000) has occurred while \output is active []

 [49]
Overfull \hbox (21.811pt too wide) in paragraph at lines 149--150
[][][][][][][][][][][][][][][][][][] 
 []


Overfull \hbox (16.7122pt too wide) in paragraph at lines 150--151
[][][][][][][][][][][][][][][][][][][][][][][][] 
 []


Overfull \hbox (16.7122pt too wide) in paragraph at lines 158--159
[][][][][][][][][][][][][][][][][][][][] 
 []


Overfull \hbox (37.1074pt too wide) in paragraph at lines 167--169
[][][][][][][][][][][][][][][][][][][][][][][][] 
 []


Overfull \hbox (47.30501pt too wide) in paragraph at lines 184--185
[][][][][][][][][][][][][][][][][][][][] 
 []


Overfull \hbox (47.30501pt too wide) in paragraph at lines 186--187
[][][][][][][][][][][][][][][][][][][][] 
 []


Overfull \hbox (11.6134pt too wide) in paragraph at lines 195--196
[][][][][][][][][][][][][][][][][][][][][][][][][][] 
 []


Underfull \vbox (badness 10000) has occurred while \output is active []

 [50]
Overfull \hbox (1.4158pt too wide) in paragraph at lines 204--205
[][][][][][][][][][][][][][][][][][][] 
 []


Overfull \hbox (37.1074pt too wide) in paragraph at lines 207--209
[][][][][][][][][][][][][][][][][][][][][][][] 
 []


Overfull \hbox (26.9098pt too wide) in paragraph at lines 223--224
[][][][][][][][][][][][][][][][][] 
 []


Overfull \hbox (37.1074pt too wide) in paragraph at lines 231--233
[][][][][][][][][][][][][][][][][][][][][][][] 
 []


Overfull \hbox (6.5146pt too wide) in paragraph at lines 239--240
[][][][][][][][][][][][][][][][]
 []


Overfull \hbox (16.7122pt too wide) in paragraph at lines 240--241
[][][][][][][][][][][][][][][][][][][][][][][][] 
 []

) [51]
\openout2 = `Chapters/appendixb.aux'.

 (./Chapters/appendixb.tex [52



]
Chapter 9.

Underfull \hbox (badness 10000) in paragraph at lines 4--5

 []

[53]
Overfull \hbox (11.6134pt too wide) in paragraph at lines 65--67
[][][][][][][][][][][][][][][][][][] 
 []


Overfull \hbox (37.1074pt too wide) in paragraph at lines 77--80
[][][][][][][][][][][][][][][][][][][][][][][][] 
 []


Underfull \vbox (badness 10000) has occurred while \output is active []

 [54]
Overfull \hbox (47.30501pt too wide) in paragraph at lines 101--102
[][][][][][][][][][][][][][][][][][][][] 
 []


Overfull \hbox (47.30501pt too wide) in paragraph at lines 103--104
[][][][][][][][][][][][][][][][][][][][] 
 []


Overfull \hbox (11.6134pt too wide) in paragraph at lines 116--117
[][][][][][][][][][][][][][][][][][][][][][][][][][] 
 []


Overfull \hbox (11.6134pt too wide) in paragraph at lines 120--121
[][][][][][][][][][][][][][][][][][][][][][][][][][] 
 []


Overfull \hbox (37.1074pt too wide) in paragraph at lines 129--131
[][][][][][][][][][][][][][][][][][][][][][][] 
 []


Overfull \hbox (32.0086pt too wide) in paragraph at lines 144--145
[][][][][][][][][][][][][][][][][][][][] 
 []


Underfull \vbox (badness 10000) has occurred while \output is active []

 [55]
Overfull \hbox (37.1074pt too wide) in paragraph at lines 148--150
[][][][][][][][][][][][][][][][][][][][][][][] 
 []


Overfull \hbox (21.811pt too wide) in paragraph at lines 156--157
[][][][][][][][][][][][][][][][][][] 
 []


Overfull \hbox (16.7122pt too wide) in paragraph at lines 157--158
[][][][][][][][][][][][][][][][][][][][][][][][] 
 []


Overfull \hbox (16.7122pt too wide) in paragraph at lines 165--166
[][][][][][][][][][][][][][][][][][][][] 
 []


Overfull \hbox (16.7122pt too wide) in paragraph at lines 169--170
[][][][][][][][][][][][][][][][][][] 
 []


Overfull \hbox (37.1074pt too wide) in paragraph at lines 170--171
[][][][][][][][][][][][][][][][][][][][] 
 []


Overfull \hbox (37.1074pt too wide) in paragraph at lines 171--172
[][][][][][][][][][][][][][][] 
 []


Overfull \hbox (16.7122pt too wide) in paragraph at lines 172--176
[][][][][][][][][][][][][][][][][][] 
 []


Overfull \hbox (82.99661pt too wide) in paragraph at lines 177--178
[][][][][][][][][][][][][][][][][][][] 
 []


Overfull \hbox (16.7122pt too wide) in paragraph at lines 178--184
[][][][][][][][][][][][][][][][][][] 
 []


Overfull \hbox (37.1074pt too wide) in paragraph at lines 189--191
[][][][][][][][][][][][][][][][][][][][][][][][] 
 []


Underfull \vbox (badness 10000) has occurred while \output is active []

 [56]
Overfull \hbox (47.30501pt too wide) in paragraph at lines 206--207
[][][][][][][][][][][][][][][][][][][][] 
 []


Overfull \hbox (47.30501pt too wide) in paragraph at lines 208--209
[][][][][][][][][][][][][][][][][][][][] 
 []


Overfull \hbox (11.6134pt too wide) in paragraph at lines 217--218
[][][][][][][][][][][][][][][][][][][][][][][][][][] 
 []


Overfull \hbox (1.4158pt too wide) in paragraph at lines 226--227
[][][][][][][][][][][][][][][][][][][] 
 []


Overfull \hbox (37.1074pt too wide) in paragraph at lines 229--231
[][][][][][][][][][][][][][][][][][][][][][][] 
 []


Overfull \hbox (26.9098pt too wide) in paragraph at lines 245--246
[][][][][][][][][][][][][][][][][] 
 []


Overfull \hbox (37.1074pt too wide) in paragraph at lines 253--255
[][][][][][][][][][][][][][][][][][][][][][][] 
 []


Underfull \vbox (badness 10000) has occurred while \output is active []

 [57]
Overfull \hbox (6.5146pt too wide) in paragraph at lines 261--262
[][][][][][][][][][][][][][][][]
 []


Overfull \hbox (16.7122pt too wide) in paragraph at lines 262--263
[][][][][][][][][][][][][][][][][][][][][][][][] 
 []


Overfull \hbox (1.4158pt too wide) in paragraph at lines 274--275
[][][][][][][][][][][][][][][][][][][] 
 []


Overfull \hbox (16.7122pt too wide) in paragraph at lines 275--277
[][][][][][][][][][][][][][][][][][] 
 []

) [58] (./Thesis.bbl [59


]
Underfull \hbox (badness 2591) in paragraph at lines 70--75
\T1/cmr/m/n/10 Francesco Mon-dada, Dario Flo-re-ano, Ste-fano Nolfi, J.-L.
 []

)
Package atveryend Info: Empty hook `BeforeClearDocument' on input line 117.
 [60]
Package atveryend Info: Empty hook `AfterLastShipout' on input line 117.
 (./Thesis.aux (./Chapters/introduction.aux) (./Chapters/methodology.aux) (./Ch
apters/simulation.aux) (./Chapters/swarm_algorithms.aux)
(./Chapters/stigmergy.aux) (./Chapters/layered_stigmergy.aux)
(./Chapters/conclusion.aux) (./Chapters/appendix.aux) (./Chapters/appendixb.aux
))
Package atveryend Info: Executing hook `AtVeryEndDocument' on input line 117.
Package atveryend Info: Executing hook `AtEndAfterFileList' on input line 117.


Package rerunfilecheck Warning: File `Thesis.out' has changed.
(rerunfilecheck)                Rerun to get outlines right
(rerunfilecheck)                or use package `bookmark'.

Package rerunfilecheck Info: Checksums for `Thesis.out':
(rerunfilecheck)             Before: 4ED16261BD17A5B6143D0E2F44857C31;4963
(rerunfilecheck)             After:  E8258B03379CAFC9184B267BC1E80B02;5185.

LaTeX Warning: There were undefined references.


LaTeX Warning: There were multiply-defined labels.

Package atveryend Info: Empty hook `AtVeryVeryEnd' on input line 117.
 ) 
Here is how much of TeX's memory you used:
 12317 strings out of 494501
 176648 string characters out of 6167030
 311532 words of memory out of 5000000
 14588 multiletter control sequences out of 15000+600000
 32348 words of font info for 85 fonts, out of 8000000 for 9000
 319 hyphenation exceptions out of 8191
 43i,12n,45p,1081b,2370s stack positions out of 5000i,500n,10000p,200000b,80000s
pdfTeX warning (dest): name{lstnumber.-2.267} has been referenced but does no
t exist, replaced by a fixed one

{/usr/local/texlive/2015basic/texmf-dist/fonts/enc/dvips/cm-super/cm-super-t1.e
nc}</usr/local/texlive/2015basic/texmf-dist/fonts/type1/public/amsfonts/cm/cmmi
10.pfb></usr/local/texlive/2015basic/texmf-dist/fonts/type1/public/amsfonts/cm/
cmr10.pfb></usr/local/texlive/2015basic/texmf-dist/fonts/type1/public/amsfonts/
cm/cmr7.pfb></usr/local/texlive/2015basic/texmf-dist/fonts/type1/public/amsfont
s/cm/cmsy10.pfb></usr/local/texlive/2015basic/texmf-dist/fonts/type1/public/ams
fonts/cm/cmsy8.pfb></usr/local/texlive/2015basic/texmf-dist/fonts/type1/public/
cm-super/sfbx0800.pfb></usr/local/texlive/2015basic/texmf-dist/fonts/type1/publ
ic/cm-super/sfbx1000.pfb></usr/local/texlive/2015basic/texmf-dist/fonts/type1/p
ublic/cm-super/sfbx1200.pfb></usr/local/texlive/2015basic/texmf-dist/fonts/type
1/public/cm-super/sfbx1440.pfb></usr/local/texlive/2015basic/texmf-dist/fonts/t
ype1/public/cm-super/sfcc1200.pfb></usr/local/texlive/2015basic/texmf-dist/font
s/type1/public/cm-super/sfrm0800.pfb></usr/local/texlive/2015basic/texmf-dist/f
onts/type1/public/cm-super/sfrm1000.pfb></usr/local/texlive/2015basic/texmf-dis
t/fonts/type1/public/cm-super/sfrm2488.pfb></usr/local/texlive/2015basic/texmf-
dist/fonts/type1/public/cm-super/sfss0900.pfb></usr/local/texlive/2015basic/tex
mf-dist/fonts/type1/public/cm-super/sfss1000.pfb></usr/local/texlive/2015basic/
texmf-dist/fonts/type1/public/cm-super/sfss1728.pfb></usr/local/texlive/2015bas
ic/texmf-dist/fonts/type1/public/cm-super/sfsx1000.pfb></usr/local/texlive/2015
basic/texmf-dist/fonts/type1/public/cm-super/sfsx2074.pfb></usr/local/texlive/2
015basic/texmf-dist/fonts/type1/public/cm-super/sfsx2488.pfb></usr/local/texliv
e/2015basic/texmf-dist/fonts/type1/public/cm-super/sfti0800.pfb></usr/local/tex
live/2015basic/texmf-dist/fonts/type1/public/cm-super/sfti1000.pfb></usr/local/
texlive/2015basic/texmf-dist/fonts/type1/public/cm-super/sftt1000.pfb>
Output written on Thesis.pdf (74 pages, 2154852 bytes).
PDF statistics:
 1591 PDF objects out of 1728 (max. 8388607)
 1447 compressed objects within 15 object streams
 703 named destinations out of 1000 (max. 500000)
 695 words of extra memory for PDF output out of 10000 (max. 10000000)

