\BOOKMARK [0][]{chapter*.1}{Summary \(English\)}{}% 1
\BOOKMARK [0][]{chapter*.2}{Summary \(Danish\)}{}% 2
\BOOKMARK [0][]{chapter*.3}{Preface}{}% 3
\BOOKMARK [0][]{chapter*.4}{Acknowledgements}{}% 4
\BOOKMARK [0][]{toc.0}{Contents}{}% 5
\BOOKMARK [0][]{chapter.1}{1 Introduction}{}% 6
\BOOKMARK [1][]{section.1.1}{1.1 Problem Description}{chapter.1}% 7
\BOOKMARK [2][]{subsection.1.1.1}{1.1.1 Main Problem}{section.1.1}% 8
\BOOKMARK [2][]{subsection.1.1.2}{1.1.2 Sub Problems}{section.1.1}% 9
\BOOKMARK [1][]{section.1.2}{1.2 Project plan}{chapter.1}% 10
\BOOKMARK [0][]{chapter.2}{2 Methodology}{}% 11
\BOOKMARK [1][]{section.2.1}{2.1 Control Problem}{chapter.2}% 12
\BOOKMARK [1][]{section.2.2}{2.2 Simulation Implementation}{chapter.2}% 13
\BOOKMARK [1][]{section.2.3}{2.3 Validation}{chapter.2}% 14
\BOOKMARK [1][]{section.2.4}{2.4 Test Metrics}{chapter.2}% 15
\BOOKMARK [1][]{section.2.5}{2.5 Control Implementation}{chapter.2}% 16
\BOOKMARK [1][]{section.2.6}{2.6 Optimization}{chapter.2}% 17
\BOOKMARK [0][]{chapter.3}{3 Simulation}{}% 18
\BOOKMARK [1][]{section.3.1}{3.1 Simulation vs. Animation}{chapter.3}% 19
\BOOKMARK [1][]{section.3.2}{3.2 Software}{chapter.3}% 20
\BOOKMARK [1][]{section.3.3}{3.3 Design}{chapter.3}% 21
\BOOKMARK [2][]{subsection.3.3.1}{3.3.1 Control Problem}{section.3.3}% 22
\BOOKMARK [2][]{subsection.3.3.2}{3.3.2 Assumptions on physics}{section.3.3}% 23
\BOOKMARK [2][]{subsection.3.3.3}{3.3.3 Agents}{section.3.3}% 24
\BOOKMARK [2][]{subsection.3.3.4}{3.3.4 Simulation Environment}{section.3.3}% 25
\BOOKMARK [1][]{section.3.4}{3.4 Implementation}{chapter.3}% 26
\BOOKMARK [2][]{subsection.3.4.1}{3.4.1 VR3D, Sources and Sinks}{section.3.4}% 27
\BOOKMARK [2][]{subsection.3.4.2}{3.4.2 PD Controller}{section.3.4}% 28
\BOOKMARK [2][]{subsection.3.4.3}{3.4.3 Gravity \046 Mass}{section.3.4}% 29
\BOOKMARK [2][]{subsection.3.4.4}{3.4.4 Control Loop}{section.3.4}% 30
\BOOKMARK [2][]{subsection.3.4.5}{3.4.5 Data Stores}{section.3.4}% 31
\BOOKMARK [2][]{subsection.3.4.6}{3.4.6 Measurements}{section.3.4}% 32
\BOOKMARK [2][]{subsection.3.4.7}{3.4.7 Completion Check}{section.3.4}% 33
\BOOKMARK [1][]{section.3.5}{3.5 Validation}{chapter.3}% 34
\BOOKMARK [2][]{subsection.3.5.1}{3.5.1 Adjusting for desired behavior}{section.3.5}% 35
\BOOKMARK [2][]{subsection.3.5.2}{3.5.2 Gravity}{section.3.5}% 36
\BOOKMARK [2][]{subsection.3.5.3}{3.5.3 Collision Detections}{section.3.5}% 37
\BOOKMARK [1][]{section.3.6}{3.6 Test Metrics}{chapter.3}% 38
\BOOKMARK [0][]{chapter.4}{4 Swarm Logic \046 Swarm Algorithms}{}% 39
\BOOKMARK [1][]{section.4.1}{4.1 Multi-body vs. Multi-agent path planning}{chapter.4}% 40
\BOOKMARK [2][]{subsection.4.1.1}{4.1.1 Simulated decentralization}{section.4.1}% 41
\BOOKMARK [1][]{section.4.2}{4.2 3-Dimensional Stigmergy}{chapter.4}% 42
\BOOKMARK [1][]{section.4.3}{4.3 Layered Stigmergy}{chapter.4}% 43
\BOOKMARK [0][]{chapter.5}{5 3-Dimensional Stigmergy}{}% 44
\BOOKMARK [1][]{section.5.1}{5.1 Digital Markers \(Pheromones\)}{chapter.5}% 45
\BOOKMARK [1][]{section.5.2}{5.2 Implementation}{chapter.5}% 46
\BOOKMARK [2][]{subsection.5.2.1}{5.2.1 Assumptions}{section.5.2}% 47
\BOOKMARK [2][]{subsection.5.2.2}{5.2.2 Specifications}{section.5.2}% 48
\BOOKMARK [1][]{section.5.3}{5.3 Test}{chapter.5}% 49
\BOOKMARK [0][]{chapter.6}{6 Layered Stigmergy}{}% 50
\BOOKMARK [1][]{section.6.1}{6.1 Theory}{chapter.6}% 51
\BOOKMARK [1][]{section.6.2}{6.2 Implementation}{chapter.6}% 52
\BOOKMARK [1][]{section.6.3}{6.3 Test}{chapter.6}% 53
\BOOKMARK [0][]{section.6.3}{Bibliography}{}% 54
